0 info it worked if it ends with ok
1 verbose cli [ '/Users/takujifunao/.nodebrew/node/v6.0.0/bin/node',
1 verbose cli   '/Users/takujifunao/.nodebrew/current/bin/npm',
1 verbose cli   'run',
1 verbose cli   'watch' ]
2 info using npm@3.9.6
3 info using node@v6.0.0
4 verbose config Skipping project config: /Users/takujifunao/.npmrc. (matches userconfig)
5 verbose stack Error: ENOENT: no such file or directory, open '/Users/takujifunao/package.json'
5 verbose stack     at Error (native)
6 verbose cwd /Users/takujifunao/Hack/01_mine/02_lib/notee
7 error Darwin 15.5.0
8 error argv "/Users/takujifunao/.nodebrew/node/v6.0.0/bin/node" "/Users/takujifunao/.nodebrew/current/bin/npm" "run" "watch"
9 error node v6.0.0
10 error npm  v3.9.6
11 error path /Users/takujifunao/package.json
12 error code ENOENT
13 error errno -2
14 error syscall open
15 error enoent ENOENT: no such file or directory, open '/Users/takujifunao/package.json'
16 error enoent ENOENT: no such file or directory, open '/Users/takujifunao/package.json'
16 error enoent This is most likely not a problem with npm itself
16 error enoent and is related to npm not being able to find a file.
17 verbose exit [ -2, true ]
